<?xml version="1.0" encoding="UTF-8"?>
<testng-results ignored="0" total="1" passed="1" failed="0" skipped="0">
  <reporter-output>
  </reporter-output>
  <suite started-at="2024-02-02T18:38:25 IST" name="Default suite" finished-at="2024-02-02T18:38:33 IST" duration-ms="8569">
    <groups>
    </groups>
    <test started-at="2024-02-02T18:38:25 IST" name="Default test" finished-at="2024-02-02T18:38:33 IST" duration-ms="8569">
      <class name="myMavenProject.myMavenProject.NewTest">
        <test-method is-config="true" signature="beforeSuite()[pri:0, instance:myMavenProject.myMavenProject.NewTest@1e6a3214]" started-at="2024-02-02T18:38:25 IST" name="beforeSuite" finished-at="2024-02-02T18:38:25 IST" duration-ms="10" status="PASS">
          <reporter-output>
          </reporter-output>
        </test-method> <!-- beforeSuite -->
        <test-method is-config="true" signature="beforeTest()[pri:0, instance:myMavenProject.myMavenProject.NewTest@1e6a3214]" started-at="2024-02-02T18:38:25 IST" name="beforeTest" finished-at="2024-02-02T18:38:25 IST" duration-ms="0" status="PASS">
          <reporter-output>
          </reporter-output>
        </test-method> <!-- beforeTest -->
        <test-method is-config="true" signature="beforeClass()[pri:0, instance:myMavenProject.myMavenProject.NewTest@1e6a3214]" started-at="2024-02-02T18:38:25 IST" name="beforeClass" finished-at="2024-02-02T18:38:25 IST" duration-ms="0" status="PASS">
          <reporter-output>
          </reporter-output>
        </test-method> <!-- beforeClass -->
        <test-method is-config="true" signature="beforeMethod()[pri:0, instance:myMavenProject.myMavenProject.NewTest@1e6a3214]" started-at="2024-02-02T18:38:25 IST" name="beforeMethod" finished-at="2024-02-02T18:38:25 IST" duration-ms="0" status="PASS">
          <reporter-output>
          </reporter-output>
        </test-method> <!-- beforeMethod -->
        <test-method signature="f()[pri:0, instance:myMavenProject.myMavenProject.NewTest@1e6a3214]" started-at="2024-02-02T18:38:25 IST" name="f" finished-at="2024-02-02T18:38:33 IST" duration-ms="8533" status="PASS">
          <reporter-output>
          </reporter-output>
        </test-method> <!-- f -->
        <test-method is-config="true" signature="afterMethod()[pri:0, instance:myMavenProject.myMavenProject.NewTest@1e6a3214]" started-at="2024-02-02T18:38:33 IST" name="afterMethod" finished-at="2024-02-02T18:38:33 IST" duration-ms="0" status="PASS">
          <reporter-output>
          </reporter-output>
        </test-method> <!-- afterMethod -->
        <test-method is-config="true" signature="afterClass()[pri:0, instance:myMavenProject.myMavenProject.NewTest@1e6a3214]" started-at="2024-02-02T18:38:33 IST" name="afterClass" finished-at="2024-02-02T18:38:33 IST" duration-ms="0" status="PASS">
          <reporter-output>
          </reporter-output>
        </test-method> <!-- afterClass -->
        <test-method is-config="true" signature="afterTest()[pri:0, instance:myMavenProject.myMavenProject.NewTest@1e6a3214]" started-at="2024-02-02T18:38:33 IST" name="afterTest" finished-at="2024-02-02T18:38:33 IST" duration-ms="0" status="PASS">
          <reporter-output>
          </reporter-output>
        </test-method> <!-- afterTest -->
        <test-method is-config="true" signature="afterSuite()[pri:0, instance:myMavenProject.myMavenProject.NewTest@1e6a3214]" started-at="2024-02-02T18:38:34 IST" name="afterSuite" finished-at="2024-02-02T18:38:34 IST" duration-ms="1" status="PASS">
          <reporter-output>
          </reporter-output>
        </test-method> <!-- afterSuite -->
      </class> <!-- myMavenProject.myMavenProject.NewTest -->
    </test> <!-- Default test -->
  </suite> <!-- Default suite -->
</testng-results>
